<?xml version="1.0" encoding="UTF-8"?>
<!-- Generated by org.testng.reporters.JUnitReportReporter -->
<testsuite hostname="ADITYA" failures="0" tests="1" name="vtiger.practise.ReadDagtaFromCmdLine" time="0.014" errors="0" timestamp="2024-02-09T17:19:34 IST" skipped="0">
  <testcase classname="vtiger.practise.ReadDagtaFromCmdLine" name="readData" time="0.014"/>
  <system-out/>
</testsuite> <!-- vtiger.practise.ReadDagtaFromCmdLine -->
