<?xml version="1.0" encoding="UTF-8"?>
<!-- Generated by org.testng.reporters.JUnitReportReporter -->
<testsuite hostname="ADITYA" failures="0" tests="3" name="vtiger.practise.TestNGPractiseTest" time="0.016" errors="0" timestamp="2024-02-03T13:38:05 IST" skipped="0">
  <testcase classname="vtiger.practise.TestNGPractiseTest" name="modifyCustomer" time="0.003"/>
  <system-out/>
  <testcase classname="vtiger.practise.TestNGPractiseTest" name="testNGPractise" time="0.001"/>
  <system-out/>
  <testcase classname="vtiger.practise.TestNGPractiseTest" name="deleteCustomer" time="0.012"/>
  <system-out/>
</testsuite> <!-- vtiger.practise.TestNGPractiseTest -->
