<?xml version="1.0" encoding="UTF-8"?>
<!-- Generated by org.testng.reporters.JUnitReportReporter -->
<testsuite hostname="ADITYA" failures="0" tests="3" name="vtiger.practise.TestNGPractise" time="0.001" errors="0" timestamp="2024-02-02T15:43:48 IST" skipped="0">
  <testcase classname="vtiger.practise.TestNGPractise" name="testNGPractise" time="0.001"/>
  <system-out/>
  <testcase classname="vtiger.practise.TestNGPractise" name="deleteCustomer" time="0.000"/>
  <system-out/>
  <testcase classname="vtiger.practise.TestNGPractise" name="modifyCustomer" time="0.000"/>
  <system-out/>
</testsuite> <!-- vtiger.practise.TestNGPractise -->
