<?xml version="1.0" encoding="UTF-8"?>
<!-- Generated by org.testng.reporters.JUnitReportReporter -->
<testsuite hostname="ADITYA" failures="0" tests="3" name="vtiger.practise.SampleTestNG" time="0.020" errors="0" timestamp="2024-01-27T19:12:51 IST" skipped="0">
  <testcase classname="vtiger.practise.SampleTestNG" name="deleteCustomer" time="0.015"/>
  <system-out/>
  <testcase classname="vtiger.practise.SampleTestNG" name="modifyCustomer" time="0.001"/>
  <system-out/>
  <testcase classname="vtiger.practise.SampleTestNG" name="createCustomer" time="0.004"/>
  <system-out/>
</testsuite> <!-- vtiger.practise.SampleTestNG -->
