<?xml version="1.0" encoding="UTF-8"?>
<!-- Generated by org.testng.reporters.JUnitReportReporter -->
<testsuite hostname="ADITYA" failures="0" tests="3" name="vtiger.practise.SampleTestNGPriority" time="0.003" errors="0" timestamp="2024-02-02T15:43:48 IST" skipped="0">
  <testcase classname="vtiger.practise.SampleTestNGPriority" name="modifyCustomer" time="0.001"/>
  <system-out/>
  <testcase classname="vtiger.practise.SampleTestNGPriority" name="createCustomer" time="0.001"/>
  <system-out/>
  <testcase classname="vtiger.practise.SampleTestNGPriority" name="deleteCustomer" time="0.001"/>
  <system-out/>
</testsuite> <!-- vtiger.practise.SampleTestNGPriority -->
