<?xml version="1.0" encoding="UTF-8"?>
<!-- Generated by org.testng.reporters.JUnitReportReporter -->
<testsuite hostname="ADITYA" failures="0" tests="1" name="vtiger.practise.BaseClassPractise" time="0.002" errors="0" timestamp="2024-02-02T15:43:48 IST" skipped="0">
  <testcase classname="vtiger.practise.BaseClassPractise" name="test" time="0.002"/>
  <system-out/>
</testsuite> <!-- vtiger.practise.BaseClassPractise -->
